<?xml version="1.0" encoding="UTF-8"?>
<!-- Generated by org.testng.reporters.JUnitReportReporter -->
<testsuite hostname="DESKTOP-M3FP8SU" name="restAPI.GETRequestTestFive" tests="1" failures="0" timestamp="19 Nov 2021 18:03:56 GMT" time="2.727" errors="0">
  <testcase name="getDetails" time="2.727" classname="restAPI.GETRequestTestFive"/>
</testsuite> <!-- restAPI.GETRequestTestFive -->
