<?xml version="1.0" encoding="UTF-8"?>
<!-- Generated by org.testng.reporters.JUnitReportReporter -->
<testsuite hostname="DESKTOP-M3FP8SU" name="restAPI.GETRequestTest" tests="1" failures="0" timestamp="19 Nov 2021 18:56:23 GMT" time="2.929" errors="0">
  <testcase name="getDetails" time="2.929" classname="restAPI.GETRequestTest"/>
</testsuite> <!-- restAPI.GETRequestTest -->
