<?xml version="1.0" encoding="UTF-8"?>
<!-- Generated by org.testng.reporters.JUnitReportReporter -->
<testsuite hostname="DESKTOP-M3FP8SU" name="restAPI.GETRequestTestTwo" tests="1" failures="0" timestamp="19 Nov 2021 18:56:48 GMT" time="3.474" errors="0">
  <testcase name="getDetails" time="3.474" classname="restAPI.GETRequestTestTwo"/>
</testsuite> <!-- restAPI.GETRequestTestTwo -->
