<?xml version="1.0" encoding="UTF-8"?>
<!-- Generated by org.testng.reporters.JUnitReportReporter -->
<testsuite hostname="DESKTOP-M3FP8SU" name="restAPI.GETRequestTestEight" tests="1" failures="0" timestamp="19 Nov 2021 18:06:34 GMT" time="2.036" errors="0">
  <testcase name="getDetails" time="2.036" classname="restAPI.GETRequestTestEight"/>
</testsuite> <!-- restAPI.GETRequestTestEight -->
