<?xml version="1.0" encoding="UTF-8"?>
<!-- Generated by org.testng.reporters.JUnitReportReporter -->
<testsuite hostname="DESKTOP-M3FP8SU" name="restAPI.GETRequestTestSix" tests="1" failures="0" timestamp="19 Nov 2021 17:49:54 GMT" time="3.363" errors="0">
  <testcase name="getDetails" time="3.363" classname="restAPI.GETRequestTestSix"/>
</testsuite> <!-- restAPI.GETRequestTestSix -->
